<?xml version="1.0" encoding="UTF-8"?>
<coverage generated="1770224512954" clover="3.2.0">
  <project timestamp="1770224512954" name="All files">
    <metrics statements="126" coveredstatements="40" conditionals="56" coveredconditionals="17" methods="21" coveredmethods="7" elements="203" coveredelements="64" complexity="0" loc="126" ncloc="126" packages="1" files="7" classes="7"/>
    <file name="content-filter.ts" path="/Users/milosvukovic/client-vital-suite/supabase/functions/_shared/content-filter.ts">
      <metrics statements="52" coveredstatements="22" conditionals="18" coveredconditionals="5" methods="11" coveredmethods="5"/>
      <line num="8" count="1" type="stmt"/>
      <line num="46" count="1" type="stmt"/>
      <line num="53" count="1" type="stmt"/>
      <line num="54" count="0" type="stmt"/>
      <line num="57" count="0" type="stmt"/>
      <line num="58" count="0" type="stmt"/>
      <line num="62" count="0" type="stmt"/>
      <line num="63" count="0" type="stmt"/>
      <line num="64" count="0" type="stmt"/>
      <line num="68" count="0" type="stmt"/>
      <line num="71" count="0" type="stmt"/>
      <line num="73" count="0" type="stmt"/>
      <line num="76" count="1" type="stmt"/>
      <line num="80" count="0" type="stmt"/>
      <line num="83" count="0" type="cond" truecount="0" falsecount="2"/>
      <line num="84" count="0" type="stmt"/>
      <line num="88" count="0" type="cond" truecount="0" falsecount="2"/>
      <line num="89" count="0" type="stmt"/>
      <line num="93" count="0" type="cond" truecount="0" falsecount="2"/>
      <line num="94" count="0" type="stmt"/>
      <line num="98" count="0" type="cond" truecount="0" falsecount="2"/>
      <line num="99" count="0" type="stmt"/>
      <line num="103" count="0" type="stmt"/>
      <line num="110" count="0" type="stmt"/>
      <line num="111" count="0" type="cond" truecount="0" falsecount="2"/>
      <line num="112" count="0" type="stmt"/>
      <line num="116" count="0" type="stmt"/>
      <line num="122" count="1" type="stmt"/>
      <line num="124" count="0" type="stmt"/>
      <line num="127" count="0" type="stmt"/>
      <line num="130" count="0" type="stmt"/>
      <line num="133" count="0" type="cond" truecount="0" falsecount="2"/>
      <line num="134" count="0" type="stmt"/>
      <line num="138" count="0" type="stmt"/>
      <line num="142" count="1" type="stmt"/>
      <line num="144" count="3" type="stmt"/>
      <line num="146" count="3" type="stmt"/>
      <line num="147" count="3" type="stmt"/>
      <line num="148" count="9" type="stmt"/>
      <line num="151" count="3" type="cond" truecount="2" falsecount="0"/>
      <line num="152" count="1" type="stmt"/>
      <line num="154" count="3" type="stmt"/>
      <line num="157" count="7" type="stmt"/>
      <line num="165" count="21" type="stmt"/>
      <line num="166" count="7" type="stmt"/>
      <line num="173" count="2" type="stmt"/>
      <line num="175" count="2" type="stmt"/>
      <line num="177" count="2" type="stmt"/>
      <line num="179" count="2" type="stmt"/>
      <line num="180" count="2" type="cond" truecount="1" falsecount="1"/>
      <line num="181" count="0" type="stmt"/>
      <line num="183" count="2" type="stmt"/>
    </file>
    <file name="cors.ts" path="/Users/milosvukovic/client-vital-suite/supabase/functions/_shared/cors.ts">
      <metrics statements="1" coveredstatements="0" conditionals="0" coveredconditionals="0" methods="0" coveredmethods="0"/>
      <line num="1" count="0" type="stmt"/>
    </file>
    <file name="date-utils.ts" path="/Users/milosvukovic/client-vital-suite/supabase/functions/_shared/date-utils.ts">
      <metrics statements="10" coveredstatements="0" conditionals="0" coveredconditionals="0" methods="3" coveredmethods="0"/>
      <line num="7" count="0" type="stmt"/>
      <line num="12" count="0" type="stmt"/>
      <line num="13" count="0" type="stmt"/>
      <line num="14" count="0" type="stmt"/>
      <line num="21" count="0" type="stmt"/>
      <line num="22" count="0" type="stmt"/>
      <line num="29" count="0" type="stmt"/>
      <line num="30" count="0" type="stmt"/>
      <line num="31" count="0" type="stmt"/>
      <line num="32" count="0" type="stmt"/>
    </file>
    <file name="mark-outreach.ts" path="/Users/milosvukovic/client-vital-suite/supabase/functions/_shared/mark-outreach.ts">
      <metrics statements="2" coveredstatements="0" conditionals="0" coveredconditionals="0" methods="0" coveredmethods="0"/>
      <line num="1" count="0" type="stmt"/>
      <line num="66" count="0" type="stmt"/>
    </file>
    <file name="static-knowledge.ts" path="/Users/milosvukovic/client-vital-suite/supabase/functions/_shared/static-knowledge.ts">
      <metrics statements="2" coveredstatements="0" conditionals="0" coveredconditionals="0" methods="0" coveredmethods="0"/>
      <line num="1" count="0" type="stmt"/>
      <line num="8" count="0" type="stmt"/>
    </file>
    <file name="unified-prompts.ts" path="/Users/milosvukovic/client-vital-suite/supabase/functions/_shared/unified-prompts.ts">
      <metrics statements="40" coveredstatements="0" conditionals="23" coveredconditionals="0" methods="5" coveredmethods="0"/>
      <line num="5" count="0" type="stmt"/>
      <line num="15" count="0" type="stmt"/>
      <line num="29" count="0" type="stmt"/>
      <line num="43" count="0" type="stmt"/>
      <line num="50" count="0" type="stmt"/>
      <line num="57" count="0" type="stmt"/>
      <line num="152" count="0" type="stmt"/>
      <line num="228" count="0" type="stmt"/>
      <line num="255" count="0" type="stmt"/>
      <line num="292" count="0" type="stmt"/>
      <line num="313" count="0" type="stmt"/>
      <line num="317" count="0" type="stmt"/>
      <line num="319" count="0" type="stmt"/>
      <line num="324" count="0" type="stmt"/>
      <line num="333" count="0" type="cond" truecount="0" falsecount="2"/>
      <line num="334" count="0" type="stmt"/>
      <line num="337" count="0" type="cond" truecount="0" falsecount="2"/>
      <line num="338" count="0" type="stmt"/>
      <line num="341" count="0" type="cond" truecount="0" falsecount="2"/>
      <line num="342" count="0" type="stmt"/>
      <line num="345" count="0" type="cond" truecount="0" falsecount="2"/>
      <line num="346" count="0" type="stmt"/>
      <line num="349" count="0" type="cond" truecount="0" falsecount="4"/>
      <line num="350" count="0" type="stmt"/>
      <line num="353" count="0" type="cond" truecount="0" falsecount="2"/>
      <line num="354" count="0" type="stmt"/>
      <line num="358" count="0" type="stmt"/>
      <line num="367" count="0" type="stmt"/>
      <line num="371" count="0" type="stmt"/>
      <line num="372" count="0" type="stmt"/>
      <line num="373" count="0" type="stmt"/>
      <line num="376" count="0" type="stmt"/>
      <line num="377" count="0" type="stmt"/>
      <line num="391" count="0" type="cond" truecount="0" falsecount="2"/>
      <line num="395" count="0" type="stmt"/>
      <line num="396" count="0" type="stmt"/>
      <line num="403" count="0" type="cond" truecount="0" falsecount="2"/>
      <line num="407" count="0" type="stmt"/>
      <line num="415" count="0" type="stmt"/>
      <line num="416" count="0" type="stmt"/>
    </file>
    <file name="whatsapp-sales-prompts.ts" path="/Users/milosvukovic/client-vital-suite/supabase/functions/_shared/whatsapp-sales-prompts.ts">
      <metrics statements="19" coveredstatements="18" conditionals="15" coveredconditionals="12" methods="2" coveredmethods="2"/>
      <line num="7" count="1" type="stmt"/>
      <line num="93" count="1" type="stmt"/>
      <line num="102" count="1" type="stmt"/>
      <line num="118" count="1" type="stmt"/>
      <line num="125" count="1" type="stmt"/>
      <line num="130" count="7" type="stmt"/>
      <line num="133" count="7" type="cond" truecount="4" falsecount="0"/>
      <line num="135" count="5" type="cond" truecount="2" falsecount="0"/>
      <line num="136" count="3" type="stmt"/>
      <line num="141" count="4" type="cond" truecount="2" falsecount="0"/>
      <line num="146" count="2" type="stmt"/>
      <line num="150" count="2" type="cond" truecount="2" falsecount="0"/>
      <line num="155" count="1" type="stmt"/>
      <line num="159" count="1" type="cond" truecount="1" falsecount="1"/>
      <line num="164" count="1" type="stmt"/>
      <line num="168" count="0" type="stmt"/>
      <line num="175" count="7" type="cond" truecount="0" falsecount="1"/>
      <line num="178" count="7" type="stmt"/>
      <line num="220" count="7" type="cond" truecount="1" falsecount="1"/>
    </file>
  </project>
</coverage>
