{"/Users/milosvukovic/client-vital-suite/supabase/functions/_shared/content-filter.ts": {"path":"/Users/milosvukovic/client-vital-suite/supabase/functions/_shared/content-filter.ts","statementMap":{"0":{"start":{"line":53,"column":0},"end":{"line":53,"column":16}},"1":{"start":{"line":76,"column":0},"end":{"line":76,"column":16}},"2":{"start":{"line":122,"column":0},"end":{"line":122,"column":16}},"3":{"start":{"line":8,"column":27},"end":{"line":44,"column":2}},"4":{"start":{"line":46,"column":48},"end":{"line":51,"column":2}},"5":{"start":{"line":54,"column":16},"end":{"line":54,"column":26}},"6":{"start":{"line":57,"column":2},"end":{"line":59,"column":5}},"7":{"start":{"line":58,"column":4},"end":{"line":58,"column":43}},"8":{"start":{"line":62,"column":2},"end":{"line":65,"column":5}},"9":{"start":{"line":63,"column":18},"end":{"line":63,"column":40}},"10":{"start":{"line":64,"column":4},"end":{"line":64,"column":47}},"11":{"start":{"line":68,"column":2},"end":{"line":68,"column":47}},"12":{"start":{"line":71,"column":2},"end":{"line":71,"column":27}},"13":{"start":{"line":73,"column":2},"end":{"line":73,"column":17}},"14":{"start":{"line":80,"column":27},"end":{"line":80,"column":29}},"15":{"start":{"line":83,"column":2},"end":{"line":85,"column":3}},"16":{"start":{"line":84,"column":4},"end":{"line":84,"column":52}},"17":{"start":{"line":88,"column":2},"end":{"line":90,"column":3}},"18":{"start":{"line":89,"column":4},"end":{"line":89,"column":54}},"19":{"start":{"line":93,"column":2},"end":{"line":95,"column":3}},"20":{"start":{"line":94,"column":4},"end":{"line":94,"column":62}},"21":{"start":{"line":98,"column":2},"end":{"line":100,"column":3}},"22":{"start":{"line":99,"column":4},"end":{"line":99,"column":54}},"23":{"start":{"line":103,"column":25},"end":{"line":109,"column":4}},"24":{"start":{"line":110,"column":2},"end":{"line":114,"column":5}},"25":{"start":{"line":111,"column":4},"end":{"line":113,"column":5}},"26":{"start":{"line":112,"column":6},"end":{"line":112,"column":65}},"27":{"start":{"line":116,"column":2},"end":{"line":119,"column":4}},"28":{"start":{"line":124,"column":18},"end":{"line":124,"column":25}},"29":{"start":{"line":127,"column":2},"end":{"line":127,"column":58}},"30":{"start":{"line":130,"column":2},"end":{"line":130,"column":51}},"31":{"start":{"line":133,"column":2},"end":{"line":136,"column":3}},"32":{"start":{"line":134,"column":4},"end":{"line":135,"column":73}},"33":{"start":{"line":138,"column":2},"end":{"line":138,"column":26}},"34":{"start":{"line":142,"column":13},"end":{"line":185,"column":2}},"35":{"start":{"line":144,"column":18},"end":{"line":144,"column":25}},"36":{"start":{"line":146,"column":21},"end":{"line":146,"column":78}},"37":{"start":{"line":147,"column":4},"end":{"line":149,"column":7}},"38":{"start":{"line":148,"column":6},"end":{"line":148,"column":39}},"39":{"start":{"line":151,"column":4},"end":{"line":153,"column":5}},"40":{"start":{"line":152,"column":6},"end":{"line":152,"column":51}},"41":{"start":{"line":154,"column":4},"end":{"line":154,"column":26}},"42":{"start":{"line":157,"column":25},"end":{"line":163,"column":6}},"43":{"start":{"line":165,"column":21},"end":{"line":165,"column":74}},"44":{"start":{"line":165,"column":52},"end":{"line":165,"column":73}},"45":{"start":{"line":166,"column":4},"end":{"line":169,"column":6}},"46":{"start":{"line":173,"column":20},"end":{"line":173,"column":24}},"47":{"start":{"line":175,"column":4},"end":{"line":175,"column":77}},"48":{"start":{"line":177,"column":4},"end":{"line":177,"column":58}},"49":{"start":{"line":179,"column":4},"end":{"line":179,"column":70}},"50":{"start":{"line":180,"column":4},"end":{"line":182,"column":5}},"51":{"start":{"line":181,"column":6},"end":{"line":181,"column":66}},"52":{"start":{"line":183,"column":4},"end":{"line":183,"column":28}}},"fnMap":{"0":{"name":"sanitizeResponse","decl":{"start":{"line":53,"column":16},"end":{"line":53,"column":32}},"loc":{"start":{"line":53,"column":51},"end":{"line":74,"column":1}}},"1":{"name":"(anonymous_1)","decl":{"start":{"line":57,"column":29},"end":{"line":57,"column":30}},"loc":{"start":{"line":57,"column":41},"end":{"line":59,"column":3}}},"2":{"name":"(anonymous_2)","decl":{"start":{"line":62,"column":42},"end":{"line":62,"column":43}},"loc":{"start":{"line":62,"column":63},"end":{"line":65,"column":3}}},"3":{"name":"validateResponseSafety","decl":{"start":{"line":76,"column":16},"end":{"line":76,"column":38}},"loc":{"start":{"line":76,"column":55},"end":{"line":120,"column":1}}},"4":{"name":"(anonymous_4)","decl":{"start":{"line":110,"column":25},"end":{"line":110,"column":26}},"loc":{"start":{"line":110,"column":34},"end":{"line":114,"column":3}}},"5":{"name":"formatForWhatsApp","decl":{"start":{"line":122,"column":16},"end":{"line":122,"column":33}},"loc":{"start":{"line":122,"column":49},"end":{"line":139,"column":1}}},"6":{"name":"(anonymous_6)","decl":{"start":{"line":143,"column":12},"end":{"line":143,"column":13}},"loc":{"start":{"line":143,"column":40},"end":{"line":155,"column":3}}},"7":{"name":"(anonymous_7)","decl":{"start":{"line":147,"column":21},"end":{"line":147,"column":22}},"loc":{"start":{"line":147,"column":27},"end":{"line":149,"column":5}}},"8":{"name":"(anonymous_8)","decl":{"start":{"line":156,"column":19},"end":{"line":156,"column":20}},"loc":{"start":{"line":156,"column":39},"end":{"line":170,"column":3}}},"9":{"name":"(anonymous_9)","decl":{"start":{"line":165,"column":39},"end":{"line":165,"column":40}},"loc":{"start":{"line":165,"column":52},"end":{"line":165,"column":73}}},"10":{"name":"(anonymous_10)","decl":{"start":{"line":171,"column":20},"end":{"line":171,"column":21}},"loc":{"start":{"line":171,"column":45},"end":{"line":184,"column":3}}}},"branchMap":{"0":{"loc":{"start":{"line":83,"column":2},"end":{"line":85,"column":3}},"type":"if","locations":[{"start":{"line":83,"column":2},"end":{"line":85,"column":3}},{"start":{},"end":{}}]},"1":{"loc":{"start":{"line":88,"column":2},"end":{"line":90,"column":3}},"type":"if","locations":[{"start":{"line":88,"column":2},"end":{"line":90,"column":3}},{"start":{},"end":{}}]},"2":{"loc":{"start":{"line":93,"column":2},"end":{"line":95,"column":3}},"type":"if","locations":[{"start":{"line":93,"column":2},"end":{"line":95,"column":3}},{"start":{},"end":{}}]},"3":{"loc":{"start":{"line":98,"column":2},"end":{"line":100,"column":3}},"type":"if","locations":[{"start":{"line":98,"column":2},"end":{"line":100,"column":3}},{"start":{},"end":{}}]},"4":{"loc":{"start":{"line":111,"column":4},"end":{"line":113,"column":5}},"type":"if","locations":[{"start":{"line":111,"column":4},"end":{"line":113,"column":5}},{"start":{},"end":{}}]},"5":{"loc":{"start":{"line":133,"column":2},"end":{"line":136,"column":3}},"type":"if","locations":[{"start":{"line":133,"column":2},"end":{"line":136,"column":3}},{"start":{},"end":{}}]},"6":{"loc":{"start":{"line":151,"column":4},"end":{"line":153,"column":5}},"type":"if","locations":[{"start":{"line":151,"column":4},"end":{"line":153,"column":5}},{"start":{},"end":{}}]},"7":{"loc":{"start":{"line":168,"column":18},"end":{"line":168,"column":38}},"type":"cond-expr","locations":[{"start":{"line":168,"column":29},"end":{"line":168,"column":32}},{"start":{"line":168,"column":35},"end":{"line":168,"column":38}}]},"8":{"loc":{"start":{"line":180,"column":4},"end":{"line":182,"column":5}},"type":"if","locations":[{"start":{"line":180,"column":4},"end":{"line":182,"column":5}},{"start":{},"end":{}}]}},"s":{"0":1,"1":1,"2":1,"3":1,"4":1,"5":0,"6":0,"7":0,"8":0,"9":0,"10":0,"11":0,"12":0,"13":0,"14":0,"15":0,"16":0,"17":0,"18":0,"19":0,"20":0,"21":0,"22":0,"23":0,"24":0,"25":0,"26":0,"27":0,"28":0,"29":0,"30":0,"31":0,"32":0,"33":0,"34":1,"35":3,"36":3,"37":3,"38":9,"39":3,"40":1,"41":3,"42":7,"43":7,"44":21,"45":7,"46":2,"47":2,"48":2,"49":2,"50":2,"51":0,"52":2},"f":{"0":0,"1":0,"2":0,"3":0,"4":0,"5":0,"6":3,"7":9,"8":7,"9":21,"10":2},"b":{"0":[0,0],"1":[0,0],"2":[0,0],"3":[0,0],"4":[0,0],"5":[0,0],"6":[1,2],"7":[6,1],"8":[0,2]}}
,"/Users/milosvukovic/client-vital-suite/supabase/functions/_shared/cors.ts": {"path":"/Users/milosvukovic/client-vital-suite/supabase/functions/_shared/cors.ts","statementMap":{"0":{"start":{"line":1,"column":13},"end":{"line":5,"column":2}}},"fnMap":{},"branchMap":{},"s":{"0":0},"f":{},"b":{}}
,"/Users/milosvukovic/client-vital-suite/supabase/functions/_shared/date-utils.ts": {"path":"/Users/milosvukovic/client-vital-suite/supabase/functions/_shared/date-utils.ts","statementMap":{"0":{"start":{"line":12,"column":0},"end":{"line":12,"column":16}},"1":{"start":{"line":21,"column":0},"end":{"line":21,"column":16}},"2":{"start":{"line":29,"column":0},"end":{"line":29,"column":16}},"3":{"start":{"line":7,"column":13},"end":{"line":7,"column":50}},"4":{"start":{"line":13,"column":14},"end":{"line":13,"column":24}},"5":{"start":{"line":14,"column":2},"end":{"line":14,"column":51}},"6":{"start":{"line":22,"column":2},"end":{"line":22,"column":52}},"7":{"start":{"line":30,"column":15},"end":{"line":30,"column":29}},"8":{"start":{"line":31,"column":2},"end":{"line":31,"column":42}},"9":{"start":{"line":32,"column":2},"end":{"line":32,"column":28}}},"fnMap":{"0":{"name":"getDubaiDate","decl":{"start":{"line":12,"column":16},"end":{"line":12,"column":28}},"loc":{"start":{"line":12,"column":28},"end":{"line":15,"column":1}}},"1":{"name":"getDubaiTodayString","decl":{"start":{"line":21,"column":16},"end":{"line":21,"column":35}},"loc":{"start":{"line":21,"column":35},"end":{"line":23,"column":1}}},"2":{"name":"getDubaiDateAgoISO","decl":{"start":{"line":29,"column":16},"end":{"line":29,"column":34}},"loc":{"start":{"line":29,"column":51},"end":{"line":33,"column":1}}}},"branchMap":{},"s":{"0":0,"1":0,"2":0,"3":0,"4":0,"5":0,"6":0,"7":0,"8":0,"9":0},"f":{"0":0,"1":0,"2":0},"b":{}}
,"/Users/milosvukovic/client-vital-suite/supabase/functions/_shared/mark-outreach.ts": {"path":"/Users/milosvukovic/client-vital-suite/supabase/functions/_shared/mark-outreach.ts","statementMap":{"0":{"start":{"line":1,"column":13},"end":{"line":63,"column":2}},"1":{"start":{"line":66,"column":13},"end":{"line":66,"column":74}}},"fnMap":{},"branchMap":{},"s":{"0":0,"1":0},"f":{},"b":{}}
,"/Users/milosvukovic/client-vital-suite/supabase/functions/_shared/static-knowledge.ts": {"path":"/Users/milosvukovic/client-vital-suite/supabase/functions/_shared/static-knowledge.ts","statementMap":{"0":{"start":{"line":1,"column":13},"end":{"line":6,"column":2}},"1":{"start":{"line":8,"column":13},"end":{"line":47,"column":2}}},"fnMap":{},"branchMap":{},"s":{"0":0,"1":0},"f":{},"b":{}}
,"/Users/milosvukovic/client-vital-suite/supabase/functions/_shared/unified-prompts.ts": {"path":"/Users/milosvukovic/client-vital-suite/supabase/functions/_shared/unified-prompts.ts","statementMap":{"0":{"start":{"line":313,"column":0},"end":{"line":313,"column":16}},"1":{"start":{"line":376,"column":0},"end":{"line":376,"column":16}},"2":{"start":{"line":395,"column":0},"end":{"line":395,"column":16}},"3":{"start":{"line":415,"column":0},"end":{"line":415,"column":16}},"4":{"start":{"line":5,"column":13},"end":{"line":13,"column":2}},"5":{"start":{"line":15,"column":13},"end":{"line":27,"column":2}},"6":{"start":{"line":29,"column":13},"end":{"line":41,"column":2}},"7":{"start":{"line":43,"column":13},"end":{"line":48,"column":2}},"8":{"start":{"line":50,"column":13},"end":{"line":55,"column":2}},"9":{"start":{"line":57,"column":13},"end":{"line":146,"column":2}},"10":{"start":{"line":152,"column":13},"end":{"line":222,"column":11}},"11":{"start":{"line":228,"column":13},"end":{"line":249,"column":2}},"12":{"start":{"line":255,"column":13},"end":{"line":286,"column":11}},"13":{"start":{"line":292,"column":13},"end":{"line":298,"column":2}},"14":{"start":{"line":317,"column":16},"end":{"line":317,"column":33}},"15":{"start":{"line":319,"column":15},"end":{"line":330,"column":2}},"16":{"start":{"line":324,"column":32},"end":{"line":324,"column":40}},"17":{"start":{"line":333,"column":2},"end":{"line":335,"column":3}},"18":{"start":{"line":334,"column":4},"end":{"line":334,"column":45}},"19":{"start":{"line":337,"column":2},"end":{"line":339,"column":3}},"20":{"start":{"line":338,"column":4},"end":{"line":338,"column":45}},"21":{"start":{"line":341,"column":2},"end":{"line":343,"column":3}},"22":{"start":{"line":342,"column":4},"end":{"line":342,"column":48}},"23":{"start":{"line":345,"column":2},"end":{"line":347,"column":3}},"24":{"start":{"line":346,"column":4},"end":{"line":346,"column":47}},"25":{"start":{"line":349,"column":2},"end":{"line":351,"column":3}},"26":{"start":{"line":350,"column":4},"end":{"line":350,"column":94}},"27":{"start":{"line":353,"column":2},"end":{"line":355,"column":3}},"28":{"start":{"line":354,"column":4},"end":{"line":354,"column":72}},"29":{"start":{"line":358,"column":2},"end":{"line":365,"column":2}},"30":{"start":{"line":367,"column":2},"end":{"line":367,"column":16}},"31":{"start":{"line":371,"column":13},"end":{"line":371,"column":62}},"32":{"start":{"line":372,"column":13},"end":{"line":372,"column":65}},"33":{"start":{"line":373,"column":13},"end":{"line":373,"column":70}},"34":{"start":{"line":377,"column":43},"end":{"line":390,"column":4}},"35":{"start":{"line":391,"column":2},"end":{"line":391,"column":38}},"36":{"start":{"line":396,"column":47},"end":{"line":402,"column":4}},"37":{"start":{"line":403,"column":2},"end":{"line":403,"column":46}},"38":{"start":{"line":407,"column":21},"end":{"line":413,"column":2}},"39":{"start":{"line":416,"column":2},"end":{"line":421,"column":2}}},"fnMap":{"0":{"name":"buildAgentPrompt","decl":{"start":{"line":313,"column":16},"end":{"line":313,"column":32}},"loc":{"start":{"line":315,"column":34},"end":{"line":368,"column":1}}},"1":{"name":"(anonymous_1)","decl":{"start":{"line":324,"column":25},"end":{"line":324,"column":26}},"loc":{"start":{"line":324,"column":32},"end":{"line":324,"column":40}}},"2":{"name":"formatDealStage","decl":{"start":{"line":376,"column":16},"end":{"line":376,"column":31}},"loc":{"start":{"line":376,"column":47},"end":{"line":392,"column":1}}},"3":{"name":"formatLifecycleStage","decl":{"start":{"line":395,"column":16},"end":{"line":395,"column":36}},"loc":{"start":{"line":395,"column":54},"end":{"line":404,"column":1}}},"4":{"name":"buildUnifiedPromptForEdgeFunction","decl":{"start":{"line":415,"column":16},"end":{"line":415,"column":49}},"loc":{"start":{"line":415,"column":62},"end":{"line":422,"column":1}}}},"branchMap":{"0":{"loc":{"start":{"line":315,"column":2},"end":{"line":315,"column":34}},"type":"default-arg","locations":[{"start":{"line":315,"column":32},"end":{"line":315,"column":34}}]},"1":{"loc":{"start":{"line":333,"column":2},"end":{"line":335,"column":3}},"type":"if","locations":[{"start":{"line":333,"column":2},"end":{"line":335,"column":3}},{"start":{},"end":{}}]},"2":{"loc":{"start":{"line":337,"column":2},"end":{"line":339,"column":3}},"type":"if","locations":[{"start":{"line":337,"column":2},"end":{"line":339,"column":3}},{"start":{},"end":{}}]},"3":{"loc":{"start":{"line":341,"column":2},"end":{"line":343,"column":3}},"type":"if","locations":[{"start":{"line":341,"column":2},"end":{"line":343,"column":3}},{"start":{},"end":{}}]},"4":{"loc":{"start":{"line":345,"column":2},"end":{"line":347,"column":3}},"type":"if","locations":[{"start":{"line":345,"column":2},"end":{"line":347,"column":3}},{"start":{},"end":{}}]},"5":{"loc":{"start":{"line":349,"column":2},"end":{"line":351,"column":3}},"type":"if","locations":[{"start":{"line":349,"column":2},"end":{"line":351,"column":3}},{"start":{},"end":{}}]},"6":{"loc":{"start":{"line":349,"column":6},"end":{"line":349,"column":66}},"type":"binary-expr","locations":[{"start":{"line":349,"column":6},"end":{"line":349,"column":26}},{"start":{"line":349,"column":30},"end":{"line":349,"column":66}}]},"7":{"loc":{"start":{"line":353,"column":2},"end":{"line":355,"column":3}},"type":"if","locations":[{"start":{"line":353,"column":2},"end":{"line":355,"column":3}},{"start":{},"end":{}}]},"8":{"loc":{"start":{"line":391,"column":9},"end":{"line":391,"column":37}},"type":"binary-expr","locations":[{"start":{"line":391,"column":9},"end":{"line":391,"column":26}},{"start":{"line":391,"column":30},"end":{"line":391,"column":37}}]},"9":{"loc":{"start":{"line":403,"column":9},"end":{"line":403,"column":45}},"type":"binary-expr","locations":[{"start":{"line":403,"column":9},"end":{"line":403,"column":32}},{"start":{"line":403,"column":36},"end":{"line":403,"column":45}}]},"10":{"loc":{"start":{"line":420,"column":11},"end":{"line":420,"column":34}},"type":"binary-expr","locations":[{"start":{"line":420,"column":11},"end":{"line":420,"column":28}},{"start":{"line":420,"column":32},"end":{"line":420,"column":34}}]},"11":{"loc":{"start":{"line":420,"column":38},"end":{"line":420,"column":58}},"type":"binary-expr","locations":[{"start":{"line":420,"column":38},"end":{"line":420,"column":52}},{"start":{"line":420,"column":56},"end":{"line":420,"column":58}}]}},"s":{"0":0,"1":0,"2":0,"3":0,"4":0,"5":0,"6":0,"7":0,"8":0,"9":0,"10":0,"11":0,"12":0,"13":0,"14":0,"15":0,"16":0,"17":0,"18":0,"19":0,"20":0,"21":0,"22":0,"23":0,"24":0,"25":0,"26":0,"27":0,"28":0,"29":0,"30":0,"31":0,"32":0,"33":0,"34":0,"35":0,"36":0,"37":0,"38":0,"39":0},"f":{"0":0,"1":0,"2":0,"3":0,"4":0},"b":{"0":[0],"1":[0,0],"2":[0,0],"3":[0,0],"4":[0,0],"5":[0,0],"6":[0,0],"7":[0,0],"8":[0,0],"9":[0,0],"10":[0,0],"11":[0,0]}}
,"/Users/milosvukovic/client-vital-suite/supabase/functions/_shared/whatsapp-sales-prompts.ts": {"path":"/Users/milosvukovic/client-vital-suite/supabase/functions/_shared/whatsapp-sales-prompts.ts","statementMap":{"0":{"start":{"line":7,"column":13},"end":{"line":91,"column":2}},"1":{"start":{"line":93,"column":13},"end":{"line":100,"column":2}},"2":{"start":{"line":102,"column":13},"end":{"line":116,"column":2}},"3":{"start":{"line":118,"column":13},"end":{"line":122,"column":2}},"4":{"start":{"line":130,"column":25},"end":{"line":130,"column":46}},"5":{"start":{"line":133,"column":4},"end":{"line":138,"column":5}},"6":{"start":{"line":135,"column":6},"end":{"line":137,"column":7}},"7":{"start":{"line":136,"column":8},"end":{"line":136,"column":27}},"8":{"start":{"line":141,"column":4},"end":{"line":147,"column":5}},"9":{"start":{"line":146,"column":6},"end":{"line":146,"column":23}},"10":{"start":{"line":150,"column":4},"end":{"line":156,"column":5}},"11":{"start":{"line":155,"column":6},"end":{"line":155,"column":25}},"12":{"start":{"line":159,"column":4},"end":{"line":165,"column":5}},"13":{"start":{"line":164,"column":6},"end":{"line":164,"column":29}},"14":{"start":{"line":168,"column":4},"end":{"line":168,"column":23}},"15":{"start":{"line":175,"column":31},"end":{"line":175,"column":38}},"16":{"start":{"line":178,"column":49},"end":{"line":218,"column":6}},"17":{"start":{"line":220,"column":4},"end":{"line":220,"column":57}},"18":{"start":{"line":125,"column":0},"end":{"line":125,"column":13}}},"fnMap":{"0":{"name":"(anonymous_0)","decl":{"start":{"line":126,"column":2},"end":{"line":126,"column":8}},"loc":{"start":{"line":128,"column":43},"end":{"line":169,"column":3}}},"1":{"name":"(anonymous_1)","decl":{"start":{"line":171,"column":2},"end":{"line":171,"column":8}},"loc":{"start":{"line":173,"column":59},"end":{"line":221,"column":3}}}},"branchMap":{"0":{"loc":{"start":{"line":133,"column":4},"end":{"line":138,"column":5}},"type":"if","locations":[{"start":{"line":133,"column":4},"end":{"line":138,"column":5}},{"start":{},"end":{}}]},"1":{"loc":{"start":{"line":133,"column":8},"end":{"line":133,"column":40}},"type":"binary-expr","locations":[{"start":{"line":133,"column":8},"end":{"line":133,"column":16}},{"start":{"line":133,"column":20},"end":{"line":133,"column":40}}]},"2":{"loc":{"start":{"line":135,"column":6},"end":{"line":137,"column":7}},"type":"if","locations":[{"start":{"line":135,"column":6},"end":{"line":137,"column":7}},{"start":{},"end":{}}]},"3":{"loc":{"start":{"line":141,"column":4},"end":{"line":147,"column":5}},"type":"if","locations":[{"start":{"line":141,"column":4},"end":{"line":147,"column":5}},{"start":{},"end":{}}]},"4":{"loc":{"start":{"line":150,"column":4},"end":{"line":156,"column":5}},"type":"if","locations":[{"start":{"line":150,"column":4},"end":{"line":156,"column":5}},{"start":{},"end":{}}]},"5":{"loc":{"start":{"line":159,"column":4},"end":{"line":165,"column":5}},"type":"if","locations":[{"start":{"line":159,"column":4},"end":{"line":165,"column":5}},{"start":{},"end":{}}]},"6":{"loc":{"start":{"line":175,"column":12},"end":{"line":175,"column":26}},"type":"default-arg","locations":[{"start":{"line":175,"column":19},"end":{"line":175,"column":26}}]},"7":{"loc":{"start":{"line":220,"column":11},"end":{"line":220,"column":56}},"type":"binary-expr","locations":[{"start":{"line":220,"column":11},"end":{"line":220,"column":30}},{"start":{"line":220,"column":34},"end":{"line":220,"column":56}}]}},"s":{"0":1,"1":1,"2":1,"3":1,"4":7,"5":7,"6":5,"7":3,"8":4,"9":2,"10":2,"11":1,"12":1,"13":1,"14":0,"15":7,"16":7,"17":7,"18":1},"f":{"0":7,"1":7},"b":{"0":[5,2],"1":[7,6],"2":[3,2],"3":[2,2],"4":[1,1],"5":[1,0],"6":[0],"7":[7,0]}}
}
