TN:
SF:supabase/functions/_shared/content-filter.ts
FN:53,sanitizeResponse
FN:57,(anonymous_1)
FN:62,(anonymous_2)
FN:76,validateResponseSafety
FN:110,(anonymous_4)
FN:122,formatForWhatsApp
FN:143,(anonymous_6)
FN:147,(anonymous_7)
FN:156,(anonymous_8)
FN:165,(anonymous_9)
FN:171,(anonymous_10)
FNF:11
FNH:5
FNDA:0,sanitizeResponse
FNDA:0,(anonymous_1)
FNDA:0,(anonymous_2)
FNDA:0,validateResponseSafety
FNDA:0,(anonymous_4)
FNDA:0,formatForWhatsApp
FNDA:3,(anonymous_6)
FNDA:9,(anonymous_7)
FNDA:7,(anonymous_8)
FNDA:21,(anonymous_9)
FNDA:2,(anonymous_10)
DA:8,1
DA:46,1
DA:53,1
DA:54,0
DA:57,0
DA:58,0
DA:62,0
DA:63,0
DA:64,0
DA:68,0
DA:71,0
DA:73,0
DA:76,1
DA:80,0
DA:83,0
DA:84,0
DA:88,0
DA:89,0
DA:93,0
DA:94,0
DA:98,0
DA:99,0
DA:103,0
DA:110,0
DA:111,0
DA:112,0
DA:116,0
DA:122,1
DA:124,0
DA:127,0
DA:130,0
DA:133,0
DA:134,0
DA:138,0
DA:142,1
DA:144,3
DA:146,3
DA:147,3
DA:148,9
DA:151,3
DA:152,1
DA:154,3
DA:157,7
DA:165,21
DA:166,7
DA:173,2
DA:175,2
DA:177,2
DA:179,2
DA:180,2
DA:181,0
DA:183,2
LF:52
LH:22
BRDA:83,0,0,0
BRDA:83,0,1,0
BRDA:88,1,0,0
BRDA:88,1,1,0
BRDA:93,2,0,0
BRDA:93,2,1,0
BRDA:98,3,0,0
BRDA:98,3,1,0
BRDA:111,4,0,0
BRDA:111,4,1,0
BRDA:133,5,0,0
BRDA:133,5,1,0
BRDA:151,6,0,1
BRDA:151,6,1,2
BRDA:168,7,0,6
BRDA:168,7,1,1
BRDA:180,8,0,0
BRDA:180,8,1,2
BRF:18
BRH:5
end_of_record
TN:
SF:supabase/functions/_shared/cors.ts
FNF:0
FNH:0
DA:1,0
LF:1
LH:0
BRF:0
BRH:0
end_of_record
TN:
SF:supabase/functions/_shared/date-utils.ts
FN:12,getDubaiDate
FN:21,getDubaiTodayString
FN:29,getDubaiDateAgoISO
FNF:3
FNH:0
FNDA:0,getDubaiDate
FNDA:0,getDubaiTodayString
FNDA:0,getDubaiDateAgoISO
DA:7,0
DA:12,0
DA:13,0
DA:14,0
DA:21,0
DA:22,0
DA:29,0
DA:30,0
DA:31,0
DA:32,0
LF:10
LH:0
BRF:0
BRH:0
end_of_record
TN:
SF:supabase/functions/_shared/mark-outreach.ts
FNF:0
FNH:0
DA:1,0
DA:66,0
LF:2
LH:0
BRF:0
BRH:0
end_of_record
TN:
SF:supabase/functions/_shared/static-knowledge.ts
FNF:0
FNH:0
DA:1,0
DA:8,0
LF:2
LH:0
BRF:0
BRH:0
end_of_record
TN:
SF:supabase/functions/_shared/unified-prompts.ts
FN:313,buildAgentPrompt
FN:324,(anonymous_1)
FN:376,formatDealStage
FN:395,formatLifecycleStage
FN:415,buildUnifiedPromptForEdgeFunction
FNF:5
FNH:0
FNDA:0,buildAgentPrompt
FNDA:0,(anonymous_1)
FNDA:0,formatDealStage
FNDA:0,formatLifecycleStage
FNDA:0,buildUnifiedPromptForEdgeFunction
DA:5,0
DA:15,0
DA:29,0
DA:43,0
DA:50,0
DA:57,0
DA:152,0
DA:228,0
DA:255,0
DA:292,0
DA:313,0
DA:317,0
DA:319,0
DA:324,0
DA:333,0
DA:334,0
DA:337,0
DA:338,0
DA:341,0
DA:342,0
DA:345,0
DA:346,0
DA:349,0
DA:350,0
DA:353,0
DA:354,0
DA:358,0
DA:367,0
DA:371,0
DA:372,0
DA:373,0
DA:376,0
DA:377,0
DA:391,0
DA:395,0
DA:396,0
DA:403,0
DA:407,0
DA:415,0
DA:416,0
LF:40
LH:0
BRDA:315,0,0,0
BRDA:333,1,0,0
BRDA:333,1,1,0
BRDA:337,2,0,0
BRDA:337,2,1,0
BRDA:341,3,0,0
BRDA:341,3,1,0
BRDA:345,4,0,0
BRDA:345,4,1,0
BRDA:349,5,0,0
BRDA:349,5,1,0
BRDA:349,6,0,0
BRDA:349,6,1,0
BRDA:353,7,0,0
BRDA:353,7,1,0
BRDA:391,8,0,0
BRDA:391,8,1,0
BRDA:403,9,0,0
BRDA:403,9,1,0
BRDA:420,10,0,0
BRDA:420,10,1,0
BRDA:420,11,0,0
BRDA:420,11,1,0
BRF:23
BRH:0
end_of_record
TN:
SF:supabase/functions/_shared/whatsapp-sales-prompts.ts
FN:126,(anonymous_0)
FN:171,(anonymous_1)
FNF:2
FNH:2
FNDA:7,(anonymous_0)
FNDA:7,(anonymous_1)
DA:7,1
DA:93,1
DA:102,1
DA:118,1
DA:125,1
DA:130,7
DA:133,7
DA:135,5
DA:136,3
DA:141,4
DA:146,2
DA:150,2
DA:155,1
DA:159,1
DA:164,1
DA:168,0
DA:175,7
DA:178,7
DA:220,7
LF:19
LH:18
BRDA:133,0,0,5
BRDA:133,0,1,2
BRDA:133,1,0,7
BRDA:133,1,1,6
BRDA:135,2,0,3
BRDA:135,2,1,2
BRDA:141,3,0,2
BRDA:141,3,1,2
BRDA:150,4,0,1
BRDA:150,4,1,1
BRDA:159,5,0,1
BRDA:159,5,1,0
BRDA:175,6,0,0
BRDA:220,7,0,7
BRDA:220,7,1,0
BRF:15
BRH:12
end_of_record
